<?xml version="1.0" encoding="UTF-8"?>
<!-- Generated by org.testng.reporters.JUnitReportReporter -->
<testsuite hostname="DESKTOP-QTL8VVP" failures="0" tests="1" name="TestRunner.TestRunner" time="5.462" errors="0" timestamp="2025-02-20T20:43:15 IST" skipped="0">
  <testcase classname="TestRunner.TestRunner" name="runScenario" time="5.462"/>
</testsuite> <!-- TestRunner.TestRunner -->
