<?xml version="1.0" encoding="UTF-8"?>
<!-- Generated by org.testng.reporters.JUnitReportReporter -->
<testsuite hostname="DESKTOP-QTL8VVP" failures="0" tests="1" name="TestRunner.TestRunner" time="4.810" errors="0" timestamp="2025-02-19T13:29:42 IST" skipped="0">
  <testcase classname="TestRunner.TestRunner" name="runScenario" time="4.810"/>
</testsuite> <!-- TestRunner.TestRunner -->
