<?xml version="1.0" encoding="UTF-8"?>
<!-- Generated by org.testng.reporters.JUnitReportReporter -->
<testsuite hostname="DESKTOP-QTL8VVP" failures="0" tests="1" name="TestRunner.TestRunner" time="5.219" errors="0" timestamp="2025-02-19T19:50:46 IST" skipped="0">
  <testcase classname="TestRunner.TestRunner" name="runScenario" time="5.219"/>
</testsuite> <!-- TestRunner.TestRunner -->
